17:20:56.961  INFO  manager.ApplicationManager - All tests start in Chrome Browser
17:20:58.404  INFO  manager.ApplicationManager - Current url -->https://ilcarro.web.app/search
17:20:58.408  INFO  manager.ListenerTNG - onStart ---Gradle test
17:20:58.426  INFO  tests.TestBase - The name of starts method is -->loginSuccess
17:20:58.428  INFO  manager.ListenerWD - Before find elements  --> By.xpath: //a[text()=' Logout ']
17:21:08.446  INFO  manager.ListenerWD - After find elements  -->By.xpath: //a[text()=' Logout ']
17:21:08.448  INFO  manager.ListenerWD - List size --> 0
17:21:08.450  INFO  manager.ListenerTNG - onTestStart---loginSuccess
17:21:08.450  INFO  tests.TestBase - Login with valid data: email 'michael@gmail.com', password 'Michael12345$'
17:21:08.450  INFO  manager.ListenerWD - Before find element  --> By.xpath: //a[text()=' Log in ']
17:21:08.474  INFO  manager.ListenerWD - After find element  --> By.xpath: //a[text()=' Log in ']
17:21:08.545  INFO  manager.ListenerWD - Before find element  --> By.id: email
17:21:08.577  INFO  manager.ListenerWD - After find element  --> By.id: email
17:21:08.699  INFO  manager.ListenerWD - Before find element  --> By.id: password
17:21:08.720  INFO  manager.ListenerWD - After find element  --> By.id: password
17:21:08.815  INFO  manager.ListenerWD - Before find element  --> By.xpath: //button[@type='submit']
17:21:08.836  INFO  manager.ListenerWD - After find element  --> By.xpath: //button[@type='submit']
17:21:08.872  INFO  manager.ListenerWD - Before find element  --> By.cssSelector: div.dialog-container>h2
17:21:09.955  INFO  manager.ListenerWD - After find element  --> By.cssSelector: div.dialog-container>h2
17:21:09.969  INFO  manager.ListenerTNG - onTestFailure ---loginSuccess
17:21:09.970  INFO  manager.ListenerWD - Before find elements  --> By.xpath: //button[text()='Ok']
17:21:09.992  INFO  manager.ListenerWD - After find elements  -->By.xpath: //button[text()='Ok']
17:21:09.992  INFO  manager.ListenerWD - List size --> 1
17:21:09.992  INFO  manager.ListenerWD - Before find element  --> By.xpath: //button[text()='Ok']
17:21:10.022  INFO  manager.ListenerWD - After find element  --> By.xpath: //button[text()='Ok']
17:21:10.056  INFO  manager.ListenerTNG - onFinishGradle test
