17:04:11.338  INFO  manager.ApplicationManager - All tests start in Chrome Browser
17:04:13.037  INFO  manager.ApplicationManager - Current url -->https://ilcarro.web.app/search
17:04:13.061  INFO  tests.TestBase - The name of starts method is -->registrationSuccess
17:04:13.063  INFO  manager.ListenerWD - Before find elements  --> By.xpath: //a[text()=' Logout ']
17:04:23.091  INFO  manager.ListenerWD - After find elements  -->By.xpath: //a[text()=' Logout ']
17:04:23.093  INFO  manager.ListenerWD - List size --> 0
17:04:23.097  INFO  tests.TestBase - Start test Registration Success
17:04:23.098  INFO  manager.ListenerWD - Before find element  --> By.xpath: //a[text()=' Sign up ']
17:04:23.122  INFO  manager.ListenerWD - After find element  --> By.xpath: //a[text()=' Sign up ']
17:04:23.196  INFO  manager.ListenerWD - Before find element  --> By.id: name
17:04:23.220  INFO  manager.ListenerWD - After find element  --> By.id: name
17:04:23.311  INFO  manager.ListenerWD - Before find element  --> By.id: lastName
17:04:23.332  INFO  manager.ListenerWD - After find element  --> By.id: lastName
17:04:23.424  INFO  manager.ListenerWD - Before find element  --> By.id: email
17:04:23.443  INFO  manager.ListenerWD - After find element  --> By.id: email
17:04:23.563  INFO  manager.ListenerWD - Before find element  --> By.id: password
17:04:23.584  INFO  manager.ListenerWD - After find element  --> By.id: password
17:04:23.679  INFO  manager.ListenerWD - Before find element  --> By.id: terms-of-use
17:04:23.699  INFO  manager.ListenerWD - After find element  --> By.id: terms-of-use
17:04:23.709  INFO  manager.ListenerWD - Before find element  --> By.cssSelector: .checkbox-container
17:04:23.729  INFO  manager.ListenerWD - After find element  --> By.cssSelector: .checkbox-container
17:04:23.760  INFO  manager.ListenerWD - Before find element  --> By.xpath: //button[@type='submit']
17:04:23.784  INFO  manager.ListenerWD - After find element  --> By.xpath: //button[@type='submit']
17:04:23.829  INFO  manager.ListenerWD - Before find element  --> By.cssSelector: div.dialog-container>h2
17:04:25.094  INFO  manager.ListenerWD - After find element  --> By.cssSelector: div.dialog-container>h2
17:04:25.110  INFO  tests.TestBase - Test success
17:04:25.112  INFO  manager.ListenerWD - Before find elements  --> By.xpath: //button[text()='Ok']
17:04:25.133  INFO  manager.ListenerWD - After find elements  -->By.xpath: //button[text()='Ok']
17:04:25.133  INFO  manager.ListenerWD - List size --> 1
17:04:25.133  INFO  manager.ListenerWD - Before find element  --> By.xpath: //button[text()='Ok']
17:04:25.154  INFO  manager.ListenerWD - After find element  --> By.xpath: //button[text()='Ok']
17:04:25.187  INFO  tests.TestBase - The name of starts method is -->registrationWrongEmail
17:04:25.188  INFO  manager.ListenerWD - Before find elements  --> By.xpath: //a[text()=' Logout ']
17:04:25.205  INFO  manager.ListenerWD - After find elements  -->By.xpath: //a[text()=' Logout ']
17:04:25.206  INFO  manager.ListenerWD - List size --> 1
17:04:25.206  INFO  manager.ListenerWD - Before find element  --> By.xpath: //a[text()=' Logout ']
17:04:25.229  INFO  manager.ListenerWD - After find element  --> By.xpath: //a[text()=' Logout ']
17:04:25.287  INFO  tests.TestBase - Start test Registration With Wrong Email
17:04:25.287  INFO  manager.ListenerWD - Before find element  --> By.xpath: //a[text()=' Sign up ']
17:04:25.302  INFO  manager.ListenerWD - After find element  --> By.xpath: //a[text()=' Sign up ']
17:04:25.354  INFO  manager.ListenerWD - Before find element  --> By.id: name
17:04:25.369  INFO  manager.ListenerWD - After find element  --> By.id: name
17:04:25.463  INFO  manager.ListenerWD - Before find element  --> By.id: lastName
17:04:25.479  INFO  manager.ListenerWD - After find element  --> By.id: lastName
17:04:25.599  INFO  manager.ListenerWD - Before find element  --> By.id: email
17:04:25.617  INFO  manager.ListenerWD - After find element  --> By.id: email
17:04:25.745  INFO  manager.ListenerWD - Before find element  --> By.id: password
17:04:25.760  INFO  manager.ListenerWD - After find element  --> By.id: password
17:04:25.871  INFO  manager.ListenerWD - Before find element  --> By.id: terms-of-use
17:04:25.886  INFO  manager.ListenerWD - After find element  --> By.id: terms-of-use
17:04:25.903  INFO  manager.ListenerWD - Before find element  --> By.cssSelector: .checkbox-container
17:04:25.921  INFO  manager.ListenerWD - After find element  --> By.cssSelector: .checkbox-container
17:04:25.955  INFO  manager.ListenerWD - Before find element  --> By.xpath: //button[@type='submit']
17:04:25.968  INFO  manager.ListenerWD - After find element  --> By.xpath: //button[@type='submit']
17:04:25.995  INFO  manager.ListenerWD - Before find element  --> By.cssSelector: .error
17:04:26.011  INFO  manager.ListenerWD - After find element  --> By.cssSelector: .error
17:04:26.025  INFO  manager.ListenerWD - Before find element  --> By.cssSelector: button[disabled]
17:04:26.041  INFO  manager.ListenerWD - After find element  --> By.cssSelector: button[disabled]
17:04:26.049  INFO  tests.TestBase - Test success
17:04:26.050  INFO  manager.ListenerWD - Before find elements  --> By.xpath: //button[text()='Ok']
17:04:36.111  INFO  manager.ListenerWD - After find elements  -->By.xpath: //button[text()='Ok']
17:04:36.111  INFO  manager.ListenerWD - List size --> 0
17:04:36.112  INFO  tests.TestBase - The name of starts method is -->registrationWrongPassword
17:04:36.112  INFO  manager.ListenerWD - Before find elements  --> By.xpath: //a[text()=' Logout ']
17:04:46.165  INFO  manager.ListenerWD - After find elements  -->By.xpath: //a[text()=' Logout ']
17:04:46.165  INFO  manager.ListenerWD - List size --> 0
17:04:46.165  INFO  tests.TestBase - Start test Registration With Wrong Password
17:04:46.166  INFO  manager.ListenerWD - Before find element  --> By.xpath: //a[text()=' Sign up ']
17:04:46.179  INFO  manager.ListenerWD - After find element  --> By.xpath: //a[text()=' Sign up ']
17:04:46.213  INFO  manager.ListenerWD - Before find element  --> By.id: name
17:04:46.228  INFO  manager.ListenerWD - After find element  --> By.id: name
17:04:46.307  INFO  manager.ListenerWD - Before find element  --> By.id: lastName
17:04:46.322  INFO  manager.ListenerWD - After find element  --> By.id: lastName
17:04:46.396  INFO  manager.ListenerWD - Before find element  --> By.id: email
17:04:46.407  INFO  manager.ListenerWD - After find element  --> By.id: email
17:04:46.483  INFO  manager.ListenerWD - Before find element  --> By.id: password
17:04:46.499  INFO  manager.ListenerWD - After find element  --> By.id: password
17:04:46.597  INFO  manager.ListenerWD - Before find element  --> By.id: terms-of-use
17:04:46.615  INFO  manager.ListenerWD - After find element  --> By.id: terms-of-use
17:04:46.625  INFO  manager.ListenerWD - Before find element  --> By.xpath: //button[@type='submit']
17:04:46.637  INFO  manager.ListenerWD - After find element  --> By.xpath: //button[@type='submit']
17:04:46.653  INFO  manager.ListenerWD - Before find element  --> By.cssSelector: .error
17:04:46.664  INFO  manager.ListenerWD - After find element  --> By.cssSelector: .error
17:04:46.676  INFO  manager.ListenerWD - Before find element  --> By.cssSelector: button[disabled]
17:04:46.688  INFO  manager.ListenerWD - After find element  --> By.cssSelector: button[disabled]
17:04:46.693  INFO  tests.TestBase - Test success
17:04:46.694  INFO  manager.ListenerWD - Before find elements  --> By.xpath: //button[text()='Ok']
17:04:56.711  INFO  manager.ListenerWD - After find elements  -->By.xpath: //button[text()='Ok']
17:04:56.711  INFO  manager.ListenerWD - List size --> 0
